<?xml version="1.0" encoding="UTF-8"?>
<!-- Generated by org.testng.reporters.JUnitReportReporter -->
<testsuite hostname="EPUAKHAW01DD" failures="0" tests="4" name="test.SignInTest" time="12.761" errors="0" timestamp="22 Jul 2022 17:45:59 GMT" skipped="0">
  <testcase classname="test.SignInTest" name="userSentInvalidLoginAndInvalidPasswordAndErrorMessage" time="3.197"/>
  <testcase classname="test.SignInTest" name="userSentValidLoginAndInvalidPasswordAndErrorMessage" time="4.269"/>
  <testcase classname="test.SignInTest" name="userSentLoginButNotSentPassword" time="2.651"/>
  <testcase classname="test.SignInTest" name="userSentPasswordButNotSentLogin" time="2.644"/>
</testsuite> <!-- test.SignInTest -->
